<?xml version="1.0" encoding="UTF-8"?>
<!-- Generated by org.testng.reporters.JUnitReportReporter -->
<testsuite hostname="DESKTOP-OSRLCCV" name="alerts.CaseStudyOfDay" tests="1" failures="0" timestamp="12 Apr 2022 10:21:09 GMT" time="44.341" errors="0">
  <testcase name="LinkDemo" time="44.341" classname="alerts.CaseStudyOfDay"/>
</testsuite> <!-- alerts.CaseStudyOfDay -->
