<?xml version="1.0" encoding="UTF-8"?>
<!-- Generated by org.testng.reporters.JUnitReportReporter -->
<testsuite hostname="DESKTOP-OSRLCCV" name="alerts.AlertDemoValidationNew" tests="1" failures="0" timestamp="12 Apr 2022 07:00:48 GMT" time="41.286" errors="0">
  <testcase name="AlertDemo" time="41.286" classname="alerts.AlertDemoValidationNew"/>
</testsuite> <!-- alerts.AlertDemoValidationNew -->
