<?xml version="1.0" encoding="UTF-8"?>
<!-- Generated by org.testng.reporters.JUnitReportReporter -->
<testsuite hostname="DESKTOP-OSRLCCV" name="alerts.AlertsDemo" tests="1" failures="0" timestamp="12 Apr 2022 06:29:14 GMT" time="21.568" errors="0">
  <testcase name="NameDemo" time="21.568" classname="alerts.AlertsDemo"/>
</testsuite> <!-- alerts.AlertsDemo -->
