<?xml version="1.0" encoding="UTF-8"?>
<!-- Generated by org.testng.reporters.JUnitReportReporter -->
<testsuite hostname="DESKTOP-OSRLCCV" name="alerts.AlertDemoValidationDismiss" tests="1" failures="0" timestamp="12 Apr 2022 07:24:01 GMT" time="49.465" errors="0">
  <testcase name="AlertDemo" time="49.465" classname="alerts.AlertDemoValidationDismiss"/>
</testsuite> <!-- alerts.AlertDemoValidationDismiss -->
